Loaded dependency [python3/3.9.19]: sqlite3/3.46.0
Loaded dependency [python3/3.9.19]: gcc/12.4.0-binutils-2.42
Loaded module: python3/3.9.19

Loading python3/3.9.19
  Loading requirement: sqlite3/3.46.0 gcc/12.4.0-binutils-2.42
Loaded module: cuda/11.8
Loaded module: cudnn/v8.8.0-prod-cuda-11.X
ERROR: pip's dependency resolver does not currently take into account all the packages that are installed. This behaviour is the source of the following dependency conflicts.
pytorch-lightning 2.4.0 requires PyYAML>=5.4, which is not installed.
torchaudio 2.4.0+cu121 requires torch==2.4.0, but you have torch 2.2.0+cu118 which is incompatible.
torchvision 0.19.0+cu121 requires torch==2.4.0, but you have torch 2.2.0+cu118 which is incompatible.

[notice] A new release of pip is available: 24.1.2 -> 24.3.1
[notice] To update, run: pip install --upgrade pip

[notice] A new release of pip is available: 24.1.2 -> 24.3.1
[notice] To update, run: pip install --upgrade pip
Traceback (most recent call last):
  File "/dtu/blackhole/15/168981/EHR-Mamba/cli.py", line 2, in <module>
    from mortality_classification import train_test
  File "/dtu/blackhole/15/168981/EHR-Mamba/mortality_classification.py", line 15, in <module>
    from models.deep_set_attention import DeepSetAttentionModel
  File "/dtu/blackhole/15/168981/EHR-Mamba/models/deep_set_attention.py", line 10, in <module>
    from models.seft_utils import (
  File "/dtu/blackhole/15/168981/EHR-Mamba/models/seft_utils.py", line 6, in <module>
    import torch_scatter
  File "/zhome/c4/0/168981/.local/lib/python3.9/site-packages/torch_scatter/__init__.py", line 16, in <module>
    torch.ops.load_library(spec.origin)
  File "/zhome/c4/0/168981/.local/lib/python3.9/site-packages/torch/_ops.py", line 933, in load_library
    ctypes.CDLL(path)
  File "/appl9/python/3.9.19/lib/python3.9/ctypes/__init__.py", line 374, in __init__
    self._handle = _dlopen(self._name, mode)
OSError: /zhome/c4/0/168981/.local/lib/python3.9/site-packages/torch_scatter/_version_cpu.so: undefined symbol: _ZN5torch3jit17parseSchemaOrNameERKSsb
